Drill report for springReverbRev2_FrontPCB.kicad_pcb
Created on Thu May 18 09:51:51 2023

Copper Layer Stackup:
    =============================================================
    L1 :  F.Cu                      front
    L2 :  B.Cu                      back


Drill file 'springReverbRev2_FrontPCB.drl' contains
    plated through holes:
    =============================================================
    T1  0.400mm  0.0157"  (3 holes)
    T2  0.700mm  0.0276"  (6 holes)
    T3  0.800mm  0.0315"  (54 holes)
    T4  0.900mm  0.0354"  (2 holes)
    T5  1.000mm  0.0394"  (17 holes)
    T6  1.300mm  0.0512"  (15 holes)
    T7  2.100mm  0.0827"  (3 holes)

    Total plated holes count 100


Not plated through holes are merged with plated holes
    unplated through holes:
    =============================================================
    T8  3.200mm  0.1260"  (2 holes)

    Total unplated holes count 2
