Drill report for springReverbRev2_BackPCB.kicad_pcb
Created on Tue Apr  4 20:15:37 2023

Copper Layer Stackup:
    =============================================================
    L1 :  F.Cu                      front
    L2 :  B.Cu                      back


Drill file 'springReverbRev2_BackPCB.drl' contains
    plated through holes:
    =============================================================
    T1  0.400mm  0.0157"  (3 holes)
    T2  0.550mm  0.0217"  (4 holes)
    T3  0.700mm  0.0276"  (3 holes)
    T4  0.800mm  0.0315"  (115 holes)
    T5  1.000mm  0.0394"  (47 holes)  (with 30 slots)
    T6  1.016mm  0.0400"  (10 holes)
    T7  1.100mm  0.0433"  (4 holes)
    T8  1.200mm  0.0472"  (4 holes)
    T9  1.700mm  0.0669"  (2 holes)
    T10  2.000mm  0.0787"  (4 holes)

    Total plated holes count 196


Not plated through holes are merged with plated holes
    unplated through holes:
    =============================================================
    T11  3.200mm  0.1260"  (2 holes)

    Total unplated holes count 2
